<?xml version="1.0" encoding="UTF-8"?>
<testng-results ignored="0" total="1" passed="1" failed="0" skipped="0">
  <reporter-output>
  </reporter-output>
  <suite started-at="2021-11-09T07:33:20Z" name="Suite" finished-at="2021-11-09T07:33:23Z" duration-ms="2792">
    <groups>
    </groups>
    <test started-at="2021-11-09T07:33:20Z" name="Test" finished-at="2021-11-09T07:33:23Z" duration-ms="2792">
      <class name="ua.pivdenny.pionmobile.RegistrationTests.RegistrationTest">
        <test-method is-config="true" signature="setUp()[pri:0, instance:ua.pivdenny.pionmobile.RegistrationTests.RegistrationTest@5fcacc0]" started-at="2021-11-09T09:33:09Z" name="setUp" finished-at="2021-11-09T09:33:20Z" duration-ms="10665" status="PASS">
          <reporter-output>
          </reporter-output>
        </test-method> <!-- setUp -->
        <test-method signature="firstTest()[pri:0, instance:ua.pivdenny.pionmobile.RegistrationTests.RegistrationTest@5fcacc0]" started-at="2021-11-09T09:33:20Z" name="firstTest" finished-at="2021-11-09T09:33:23Z" duration-ms="2764" status="PASS">
          <reporter-output>
          </reporter-output>
        </test-method> <!-- firstTest -->
        <test-method is-config="true" signature="tearDown()[pri:0, instance:ua.pivdenny.pionmobile.RegistrationTests.RegistrationTest@5fcacc0]" started-at="2021-11-09T09:33:23Z" name="tearDown" finished-at="2021-11-09T09:33:34Z" duration-ms="11528" status="PASS">
          <reporter-output>
          </reporter-output>
        </test-method> <!-- tearDown -->
      </class> <!-- ua.pivdenny.pionmobile.RegistrationTests.RegistrationTest -->
    </test> <!-- Test -->
  </suite> <!-- Suite -->
</testng-results>
