<?xml version="1.0" encoding="UTF-8"?>
<testsuite xmlns:xsi="http://www.w3.org/2001/XMLSchema-instance" xsi:noNamespaceSchemaLocation="https://maven.apache.org/surefire/maven-surefire-plugin/xsd/surefire-test-report-3.0.xsd" version="3.0" name="TestSuite" time="74.38" tests="1" errors="0" skipped="0" failures="0">
  <properties>
[...]
</properties>
  <testcase name="firstTest" classname="ua.pivdenny.pionmobile.RegistrationTests.RegistrationTest" time="2.768">
    <system-out><![CDATA[&amp#27;[35m[Appium]&amp#27;[39m Welcome to Appium v1.21.0
&amp#27;[35m[Appium]&amp#27;[39m Appium REST http interface listener started on 0.0.0.0:4723
&amp#27;[35m[HTTP]&amp#27;[39m &amp#27;[37m-->&amp#27;[39m &amp#27;[37mGET&amp#27;[39m &amp#27;[37m/wd/hub/status&amp#27;[39m
&amp#27;[35m[HTTP]&amp#27;[39m &amp#27;[90m{}&amp#27;[39m
[debug] &amp#27;[35m[GENERIC]&amp#27;[39m Calling AppiumDriver.getStatus() with args: []
[debug] &amp#27;[35m[GENERIC]&amp#27;[39m Responding to client with driver.getStatus() result: {"build":{"version":"1.21.0"}}
&amp#27;[35m[HTTP]&amp#27;[39m &amp#27;[37m<-- GET /wd/hub/status &amp#27;[39m&amp#27;[32m200&amp#27;[39m &amp#27;[90m12 ms - 68&amp#27;[39m
&amp#27;[35m[HTTP]&amp#27;[39m &amp#27;[90m&amp#27;[39m
&amp#27;[35m[HTTP]&amp#27;[39m &amp#27;[37m-->&amp#27;[39m &amp#27;[37mGET&amp#27;[39m &amp#27;[37m/wd/hub/status&amp#27;[39m
&amp#27;[35m[HTTP]&amp#27;[39m &amp#27;[90m{}&amp#27;[39m
[debug] &amp#27;[35m[GENERIC]&amp#27;[39m Calling AppiumDriver.getStatus() with args: []
[debug] &amp#27;[35m[GENERIC]&amp#27;[39m Responding to client with driver.getStatus() result: {"build":{"version":"1.21.0"}}
&amp#27;[35m[HTTP]&amp#27;[39m &amp#27;[37m<-- GET /wd/hub/status &amp#27;[39m&amp#27;[32m200&amp#27;[39m &amp#27;[90m2 ms - 68&amp#27;[39m
&amp#27;[35m[HTTP]&amp#27;[39m &amp#27;[90m&amp#27;[39m
&amp#27;[35m[HTTP]&amp#27;[39m &amp#27;[37m-->&amp#27;[39m &amp#27;[37mPOST&amp#27;[39m &amp#27;[37m/wd/hub/session&amp#27;[39m
&amp#27;[35m[HTTP]&amp#27;[39m &amp#27;[90m{"desiredCapabilities":{"app":"/Users/stanislav.suleimanov/Desktop/pion-mobile/src/main/resources/test-10.apk","appActivity":"com.bank.pivdenny.presentation.splash.SplashActivity","appPackage":"com.bank.pivdenny.prep","newCommandTimeout":30,"platformVersion":"11","automationName":"uiautomator2","platformName":"Android","deviceName":"RZ8R10EDPRR"},"capabilities":{"firstMatch":[{"appium:app":"/Users/stanislav.suleimanov/Desktop/pion-mobile/src/main/resources/test-10.apk","appium:appActivity":"com.bank.pivdenny.presentation.splash.SplashActivity","appium:appPackage":"com.bank.pivdenny.prep","appium:automationName":"uiautomator2","appium:deviceName":"RZ8R10EDPRR","appium:newCommandTimeout":30,"platformName":"android","appium:platformVersion":"11"}]}}&amp#27;[39m
[debug] &amp#27;[35m[W3C]&amp#27;[39m Calling AppiumDriver.createSession() with args: [{"app":"/Users/stanislav.suleimanov/Desktop/pion-mobile/src/main/resources/test-10.apk","appActivity":"com.bank.pivdenny.presentation.splash.SplashActivity","appPackage":"com.bank.pivdenny.prep","newCommandTimeout":30,"platformVersion":"11","automationName":"uiautomator2","platformName":"Android","deviceName":"RZ8R10EDPRR"},null,{"firstMatch":[{"appium:app":"/Users/stanislav.suleimanov/Desktop/pion-mobile/src/main/resources/test-10.apk","appium:appActivity":"com.bank.pivdenny.presentation.splash.SplashActivity","appium:appPackage":"com.bank.pivdenny.prep","appium:automationName":"uiautomator2","appium:deviceName":"RZ8R10EDPRR","appium:newCommandTimeout":30,"platformName":"android","appium:platformVersion":"11"}]}]
[debug] &amp#27;[35m[BaseDriver]&amp#27;[39m Event 'newSessionRequested' logged at 1636443171703 (09:32:51 GMT+0200 (Eastern European Standard Time))
&amp#27;[35m[Appium]&amp#27;[39m Appium v1.21.0 creating new AndroidUiautomator2Driver (v1.65.0) session
[debug] &amp#27;[35m[BaseDriver]&amp#27;[39m W3C capabilities and MJSONWP desired capabilities were provided
[debug] &amp#27;[35m[BaseDriver]&amp#27;[39m Creating session with W3C capabilities: {
[debug] &amp#27;[35m[BaseDriver]&amp#27;[39m   "alwaysMatch": {
[debug] &amp#27;[35m[BaseDriver]&amp#27;[39m     "platformName": "android",
[debug] &amp#27;[35m[BaseDriver]&amp#27;[39m     "appium:app": "/Users/stanislav.suleimanov/Desktop/pion-mobile/src/main/resources/test-10.apk",
[debug] &amp#27;[35m[BaseDriver]&amp#27;[39m     "appium:appActivity": "com.bank.pivdenny.presentation.splash.SplashActivity",
[debug] &amp#27;[35m[BaseDriver]&amp#27;[39m     "appium:appPackage": "com.bank.pivdenny.prep",
[debug] &amp#27;[35m[BaseDriver]&amp#27;[39m     "appium:automationName": "uiautomator2",
[debug] &amp#27;[35m[BaseDriver]&amp#27;[39m     "appium:deviceName": "RZ8R10EDPRR",
[debug] &amp#27;[35m[BaseDriver]&amp#27;[39m     "appium:newCommandTimeout": 30,
[debug] &amp#27;[35m[BaseDriver]&amp#27;[39m     "appium:platformVersion": "11"
[debug] &amp#27;[35m[BaseDriver]&amp#27;[39m   },
[debug] &amp#27;[35m[BaseDriver]&amp#27;[39m   "firstMatch": [
[debug] &amp#27;[35m[BaseDriver]&amp#27;[39m     {}
[debug] &amp#27;[35m[BaseDriver]&amp#27;[39m   ]
[debug] &amp#27;[35m[BaseDriver]&amp#27;[39m }
&amp#27;[35m[BaseDriver]&amp#27;[39m Session created with session id: 8624a79b-e0e7-4b87-9ca6-8a0f7bf04d72
&amp#27;[35m[BaseDriver]&amp#27;[39m Using local app '/Users/stanislav.suleimanov/Desktop/pion-mobile/src/main/resources/test-10.apk'
[debug] &amp#27;[35m[UiAutomator2]&amp#27;[39m Checking whether app is actually present
&amp#27;[35m[ADB]&amp#27;[39m Found 1 'build-tools' folders under '/Users/stanislav.suleimanov/Library/Android/sdk' (newest first):
&amp#27;[35m[ADB]&amp#27;[39m     /Users/stanislav.suleimanov/Library/Android/sdk/build-tools/30.0.3
&amp#27;[35m[ADB]&amp#27;[39m Using 'adb' from '/Users/stanislav.suleimanov/Library/Android/sdk/platform-tools/adb'
[debug] &amp#27;[35m[ADB]&amp#27;[39m Running '/Users/stanislav.suleimanov/Library/Android/sdk/platform-tools/adb -P 5037 start-server'
&amp#27;[35m[AndroidDriver]&amp#27;[39m Retrieving device list
[debug] &amp#27;[35m[ADB]&amp#27;[39m Trying to find a connected android device
[debug] &amp#27;[35m[ADB]&amp#27;[39m Getting connected devices
[debug] &amp#27;[35m[ADB]&amp#27;[39m Connected devices: [{"udid":"RZ8R10EDPRR","state":"device"},{"udid":"emulator-5554","state":"device"}]
&amp#27;[35m[AndroidDriver]&amp#27;[39m Looking for a device with Android '11.0.0'
[debug] &amp#27;[35m[ADB]&amp#27;[39m Setting device id to RZ8R10EDPRR
&amp#27;[35m[ADB]&amp#27;[39m Getting device platform version
[debug] &amp#27;[35m[ADB]&amp#27;[39m Running '/Users/stanislav.suleimanov/Library/Android/sdk/platform-tools/adb -P 5037 -s RZ8R10EDPRR shell getprop ro.build.version.release'
[debug] &amp#27;[35m[ADB]&amp#27;[39m Current device property 'ro.build.version.release': 11
&amp#27;[35m[AndroidDriver]&amp#27;[39m Using device: RZ8R10EDPRR
&amp#27;[35m[ADB]&amp#27;[39m Using 'adb' from '/Users/stanislav.suleimanov/Library/Android/sdk/platform-tools/adb'
[debug] &amp#27;[35m[ADB]&amp#27;[39m Running '/Users/stanislav.suleimanov/Library/Android/sdk/platform-tools/adb -P 5037 start-server'
[debug] &amp#27;[35m[ADB]&amp#27;[39m Setting device id to RZ8R10EDPRR
[debug] &amp#27;[35m[ADB]&amp#27;[39m Running '/Users/stanislav.suleimanov/Library/Android/sdk/platform-tools/adb -P 5037 -s RZ8R10EDPRR shell getprop ro.build.version.sdk'
[debug] &amp#27;[35m[ADB]&amp#27;[39m Current device property 'ro.build.version.sdk': 30
&amp#27;[35m[ADB]&amp#27;[39m Getting device platform version
[debug] &amp#27;[35m[ADB]&amp#27;[39m Running '/Users/stanislav.suleimanov/Library/Android/sdk/platform-tools/adb -P 5037 -s RZ8R10EDPRR shell getprop ro.build.version.release'
[debug] &amp#27;[35m[ADB]&amp#27;[39m Current device property 'ro.build.version.release': 11
[debug] &amp#27;[35m[ADB]&amp#27;[39m Device API level: 30
&amp#27;[35m[UiAutomator2]&amp#27;[39m Relaxing hidden api policy
[debug] &amp#27;[35m[ADB]&amp#27;[39m Running '/Users/stanislav.suleimanov/Library/Android/sdk/platform-tools/adb -P 5037 -s RZ8R10EDPRR shell 'settings put global hidden_api_policy_pre_p_apps 1;settings put global hidden_api_policy_p_apps 1;settings put global hidden_api_policy 1''
[debug] &amp#27;[35m[ADB]&amp#27;[39m Running '/Users/stanislav.suleimanov/Library/Android/sdk/platform-tools/adb -P 5037 -s RZ8R10EDPRR wait-for-device'
[debug] &amp#27;[35m[ADB]&amp#27;[39m Running '/Users/stanislav.suleimanov/Library/Android/sdk/platform-tools/adb -P 5037 -s RZ8R10EDPRR shell echo ping'
[debug] &amp#27;[35m[AndroidDriver]&amp#27;[39m Pushing settings apk to device...
[debug] &amp#27;[35m[ADB]&amp#27;[39m Getting install status for io.appium.settings
[debug] &amp#27;[35m[ADB]&amp#27;[39m Running '/Users/stanislav.suleimanov/Library/Android/sdk/platform-tools/adb -P 5037 -s RZ8R10EDPRR shell dumpsys package io.appium.settings'
[debug] &amp#27;[35m[ADB]&amp#27;[39m 'io.appium.settings' is installed
[debug] &amp#27;[35m[ADB]&amp#27;[39m Getting package info for 'io.appium.settings'
[debug] &amp#27;[35m[ADB]&amp#27;[39m Running '/Users/stanislav.suleimanov/Library/Android/sdk/platform-tools/adb -P 5037 -s RZ8R10EDPRR shell dumpsys package io.appium.settings'
[debug] &amp#27;[35m[ADB]&amp#27;[39m The version name of the installed 'io.appium.settings' is greater or equal to the application version name ('3.3.0' >= '3.3.0')
[debug] &amp#27;[35m[ADB]&amp#27;[39m There is no need to install/upgrade '/usr/local/lib/node_modules/appium/node_modules/io.appium.settings/apks/settings_apk-debug.apk'
[debug] &amp#27;[35m[ADB]&amp#27;[39m Getting IDs of all 'io.appium.settings' processes
[debug] &amp#27;[35m[ADB]&amp#27;[39m Running '/Users/stanislav.suleimanov/Library/Android/sdk/platform-tools/adb -P 5037 -s RZ8R10EDPRR shell 'pgrep --help; echo $?''
[debug] &amp#27;[35m[ADB]&amp#27;[39m Running '/Users/stanislav.suleimanov/Library/Android/sdk/platform-tools/adb -P 5037 -s RZ8R10EDPRR shell pgrep -f \(\[\[:blank:\]\]\|\^\)io\.appium\.settings\(\[\[:blank:\]\]\|\$\)'
[debug] &amp#27;[35m[AndroidDriver]&amp#27;[39m io.appium.settings is already running. There is no need to reset its permissions.
[debug] &amp#27;[35m[ADB]&amp#27;[39m Running '/Users/stanislav.suleimanov/Library/Android/sdk/platform-tools/adb -P 5037 -s RZ8R10EDPRR shell appops set io.appium.settings android:mock_location allow'
[debug] &amp#27;[35m[Logcat]&amp#27;[39m Starting logs capture with command: /Users/stanislav.suleimanov/Library/Android/sdk/platform-tools/adb -P 5037 -s RZ8R10EDPRR logcat -v threadtime
[debug] &amp#27;[35m[UiAutomator2]&amp#27;[39m Forwarding UiAutomator2 Server port 6790 to local port 8200
[debug] &amp#27;[35m[ADB]&amp#27;[39m Forwarding system: 8200 to device: 6790
[debug] &amp#27;[35m[ADB]&amp#27;[39m Running '/Users/stanislav.suleimanov/Library/Android/sdk/platform-tools/adb -P 5037 -s RZ8R10EDPRR forward tcp:8200 tcp:6790'
&amp#27;[35m[UiAutomator2]&amp#27;[39m Server package at '/usr/local/lib/node_modules/appium/node_modules/appium-uiautomator2-server/apks/appium-uiautomator2-server-v4.21.1.apk' is not writeable. Will copy it into the temporary location at '/var/folders/dt/vn93m45s6yddkydgy503shf00000gp/T/2021109-1692-xaoa6j.pf1ic' as a workaround. Consider making this file writeable manually in order to improve the performance of session startup.
&amp#27;[35m[UiAutomator2]&amp#27;[39m Server package at '/usr/local/lib/node_modules/appium/node_modules/appium-uiautomator2-server/apks/appium-uiautomator2-server-debug-androidTest.apk' is not writeable. Will copy it into the temporary location at '/var/folders/dt/vn93m45s6yddkydgy503shf00000gp/T/2021109-1692-xaoa6j.pf1ic' as a workaround. Consider making this file writeable manually in order to improve the performance of session startup.
[debug] &amp#27;[35m[ADB]&amp#27;[39m Getting install status for io.appium.uiautomator2.server
[debug] &amp#27;[35m[ADB]&amp#27;[39m Running '/Users/stanislav.suleimanov/Library/Android/sdk/platform-tools/adb -P 5037 -s RZ8R10EDPRR shell dumpsys package io.appium.uiautomator2.server'
[debug] &amp#27;[35m[ADB]&amp#27;[39m 'io.appium.uiautomator2.server' is installed
[debug] &amp#27;[35m[ADB]&amp#27;[39m Getting package info for 'io.appium.uiautomator2.server'
[debug] &amp#27;[35m[ADB]&amp#27;[39m Running '/Users/stanislav.suleimanov/Library/Android/sdk/platform-tools/adb -P 5037 -s RZ8R10EDPRR shell dumpsys package io.appium.uiautomator2.server'
[debug] &amp#27;[35m[ADB]&amp#27;[39m The version name of the installed 'io.appium.uiautomator2.server' is greater or equal to the application version name ('4.21.1' >= '4.21.1')
[debug] &amp#27;[35m[UiAutomator2]&amp#27;[39m io.appium.uiautomator2.server installation state: sameVersionInstalled
[debug] &amp#27;[35m[ADB]&amp#27;[39m Checking app cert for /var/folders/dt/vn93m45s6yddkydgy503shf00000gp/T/2021109-1692-xaoa6j.pf1ic/appium-uiautomator2-server-v4.21.1.apk
&amp#27;[35m[ADB]&amp#27;[39m Using 'apksigner.jar' from '/Users/stanislav.suleimanov/Library/Android/sdk/build-tools/30.0.3/lib/apksigner.jar'
[debug] &amp#27;[35m[ADB]&amp#27;[39m Starting apksigner: /Library/Java/JavaVirtualMachines/jdk-15.0.2.jdk/Contents/Home/bin/java -Xmx1024M -Xss1m -jar /Users/stanislav.suleimanov/Library/Android/sdk/build-tools/30.0.3/lib/apksigner.jar verify --print-certs /var/folders/dt/vn93m45s6yddkydgy503shf00000gp/T/2021109-1692-xaoa6j.pf1ic/appium-uiautomator2-server-v4.21.1.apk
[debug] &amp#27;[35m[ADB]&amp#27;[39m apksigner stdout: Signer #1 certificate DN: EMAILADDRESS=android@android.com, CN=Android, OU=Android, O=Android, L=Mountain View, ST=California, C=US
[debug] &amp#27;[35m[ADB]&amp#27;[39m Signer #1 certificate SHA-256 digest: a40da80a59d170caa950cf15c18c454d47a39b26989d8b640ecd745ba71bf5dc
[debug] &amp#27;[35m[ADB]&amp#27;[39m Signer #1 certificate SHA-1 digest: 61ed377e85d386a8dfee6b864bd85b0bfaa5af81
[debug] &amp#27;[35m[ADB]&amp#27;[39m Signer #1 certificate MD5 digest: e89b158e4bcf988ebd09eb83f5378e87
[debug] &amp#27;[35m[ADB]&amp#27;[39m 
[debug] &amp#27;[35m[ADB]&amp#27;[39m sha256 hash did match for 'appium-uiautomator2-server-v4.21.1.apk'
&amp#27;[35m[ADB]&amp#27;[39m '/var/folders/dt/vn93m45s6yddkydgy503shf00000gp/T/2021109-1692-xaoa6j.pf1ic/appium-uiautomator2-server-v4.21.1.apk' is signed with the default certificate
[debug] &amp#27;[35m[ADB]&amp#27;[39m Getting install status for io.appium.uiautomator2.server.test
[debug] &amp#27;[35m[ADB]&amp#27;[39m Running '/Users/stanislav.suleimanov/Library/Android/sdk/platform-tools/adb -P 5037 -s RZ8R10EDPRR shell dumpsys package io.appium.uiautomator2.server.test'
[debug] &amp#27;[35m[ADB]&amp#27;[39m 'io.appium.uiautomator2.server.test' is installed
[debug] &amp#27;[35m[ADB]&amp#27;[39m Checking app cert for /var/folders/dt/vn93m45s6yddkydgy503shf00000gp/T/2021109-1692-xaoa6j.pf1ic/appium-uiautomator2-server-debug-androidTest.apk
[debug] &amp#27;[35m[ADB]&amp#27;[39m Starting apksigner: /Library/Java/JavaVirtualMachines/jdk-15.0.2.jdk/Contents/Home/bin/java -Xmx1024M -Xss1m -jar /Users/stanislav.suleimanov/Library/Android/sdk/build-tools/30.0.3/lib/apksigner.jar verify --print-certs /var/folders/dt/vn93m45s6yddkydgy503shf00000gp/T/2021109-1692-xaoa6j.pf1ic/appium-uiautomator2-server-debug-androidTest.apk
[debug] &amp#27;[35m[ADB]&amp#27;[39m apksigner stdout: Signer #1 certificate DN: EMAILADDRESS=android@android.com, CN=Android, OU=Android, O=Android, L=Mountain View, ST=California, C=US
[debug] &amp#27;[35m[ADB]&amp#27;[39m Signer #1 certificate SHA-256 digest: a40da80a59d170caa950cf15c18c454d47a39b26989d8b640ecd745ba71bf5dc
[debug] &amp#27;[35m[ADB]&amp#27;[39m Signer #1 certificate SHA-1 digest: 61ed377e85d386a8dfee6b864bd85b0bfaa5af81
[debug] &amp#27;[35m[ADB]&amp#27;[39m Signer #1 certificate MD5 digest: e89b158e4bcf988ebd09eb83f5378e87
[debug] &amp#27;[35m[ADB]&amp#27;[39m 
[debug] &amp#27;[35m[ADB]&amp#27;[39m sha256 hash did match for 'appium-uiautomator2-server-debug-androidTest.apk'
&amp#27;[35m[ADB]&amp#27;[39m '/var/folders/dt/vn93m45s6yddkydgy503shf00000gp/T/2021109-1692-xaoa6j.pf1ic/appium-uiautomator2-server-debug-androidTest.apk' is signed with the default certificate
&amp#27;[35m[UiAutomator2]&amp#27;[39m Server packages are not going to be (re)installed
[debug] &amp#27;[35m[UiAutomator2]&amp#27;[39m Waiting up to 30000ms for services to be available
[debug] &amp#27;[35m[ADB]&amp#27;[39m Running '/Users/stanislav.suleimanov/Library/Android/sdk/platform-tools/adb -P 5037 -s RZ8R10EDPRR shell pm list instrumentation'
[debug] &amp#27;[35m[UiAutomator2]&amp#27;[39m Instrumentation target 'io.appium.uiautomator2.server.test/androidx.test.runner.AndroidJUnitRunner' is available
&amp#27;[35m[ADB]&amp#27;[39m Adding packages ["io.appium.settings","io.appium.uiautomator2.server","io.appium.uiautomator2.server.test"] to Doze whitelist
[debug] &amp#27;[35m[ADB]&amp#27;[39m Got the following command chunks to execute: [["dumpsys","deviceidle","whitelist","+io.appium.settings",";","dumpsys","deviceidle","whitelist","+io.appium.uiautomator2.server",";","dumpsys","deviceidle","whitelist","+io.appium.uiautomator2.server.test",";"]]
[debug] &amp#27;[35m[ADB]&amp#27;[39m Running '/Users/stanislav.suleimanov/Library/Android/sdk/platform-tools/adb -P 5037 -s RZ8R10EDPRR shell dumpsys deviceidle whitelist +io.appium.settings ; dumpsys deviceidle whitelist +io.appium.uiautomator2.server ; dumpsys deviceidle whitelist +io.appium.uiautomator2.server.test ;'
[debug] &amp#27;[35m[ADB]&amp#27;[39m Checking app cert for /Users/stanislav.suleimanov/Desktop/pion-mobile/src/main/resources/test-10.apk
[debug] &amp#27;[35m[ADB]&amp#27;[39m Starting apksigner: /Library/Java/JavaVirtualMachines/jdk-15.0.2.jdk/Contents/Home/bin/java -Xmx1024M -Xss1m -jar /Users/stanislav.suleimanov/Library/Android/sdk/build-tools/30.0.3/lib/apksigner.jar verify --print-certs /Users/stanislav.suleimanov/Desktop/pion-mobile/src/main/resources/test-10.apk
[debug] &amp#27;[35m[ADB]&amp#27;[39m apksigner stdout: Signer #1 certificate DN: C=UA
[debug] &amp#27;[35m[ADB]&amp#27;[39m Signer #1 certificate SHA-256 digest: d12a953a2f249f28816a48c1f108564cc72ba63cfe113952de40dced3869f40d
[debug] &amp#27;[35m[ADB]&amp#27;[39m Signer #1 certificate SHA-1 digest: 01aaf4b1980fabf1a2633be142ed054505ff5d44
[debug] &amp#27;[35m[ADB]&amp#27;[39m Signer #1 certificate MD5 digest: 62daff1cf4ff7195f4daccb42626519d
[debug] &amp#27;[35m[ADB]&amp#27;[39m 
&amp#27;[35m[ADB]&amp#27;[39m '/Users/stanislav.suleimanov/Desktop/pion-mobile/src/main/resources/test-10.apk' is signed with a non-default certificate
[debug] &amp#27;[35m[ADB]&amp#27;[39m Getting install status for com.bank.pivdenny.prep
[debug] &amp#27;[35m[ADB]&amp#27;[39m Running '/Users/stanislav.suleimanov/Library/Android/sdk/platform-tools/adb -P 5037 -s RZ8R10EDPRR shell dumpsys package com.bank.pivdenny.prep'
[debug] &amp#27;[35m[ADB]&amp#27;[39m 'com.bank.pivdenny.prep' is installed
[debug] &amp#27;[35m[ADB]&amp#27;[39m Getting package info for 'com.bank.pivdenny.prep'
[debug] &amp#27;[35m[ADB]&amp#27;[39m Running '/Users/stanislav.suleimanov/Library/Android/sdk/platform-tools/adb -P 5037 -s RZ8R10EDPRR shell dumpsys package com.bank.pivdenny.prep'
[debug] &amp#27;[35m[ADB]&amp#27;[39m The version name of the installed 'com.bank.pivdenny.prep' is greater or equal to the application version name ('0.4.0' >= '0.4.0')
[debug] &amp#27;[35m[ADB]&amp#27;[39m There is no need to install/upgrade '/Users/stanislav.suleimanov/Desktop/pion-mobile/src/main/resources/test-10.apk'
&amp#27;[35m[AndroidDriver]&amp#27;[39m Performing fast reset on 'com.bank.pivdenny.prep'
[debug] &amp#27;[35m[ADB]&amp#27;[39m Getting install status for com.bank.pivdenny.prep
[debug] &amp#27;[35m[ADB]&amp#27;[39m Running '/Users/stanislav.suleimanov/Library/Android/sdk/platform-tools/adb -P 5037 -s RZ8R10EDPRR shell dumpsys package com.bank.pivdenny.prep'
[debug] &amp#27;[35m[ADB]&amp#27;[39m 'com.bank.pivdenny.prep' is installed
[debug] &amp#27;[35m[ADB]&amp#27;[39m Running '/Users/stanislav.suleimanov/Library/Android/sdk/platform-tools/adb -P 5037 -s RZ8R10EDPRR shell am force-stop com.bank.pivdenny.prep'
[debug] &amp#27;[35m[ADB]&amp#27;[39m Running '/Users/stanislav.suleimanov/Library/Android/sdk/platform-tools/adb -P 5037 -s RZ8R10EDPRR shell pm clear com.bank.pivdenny.prep'
[debug] &amp#27;[35m[AndroidDriver]&amp#27;[39m Performed fast reset on the installed 'com.bank.pivdenny.prep' application (stop and clear)
[debug] &amp#27;[35m[UiAutomator2]&amp#27;[39m Performing shallow cleanup of automation leftovers
[debug] &amp#27;[35m[UiAutomator2]&amp#27;[39m No obsolete sessions have been detected (socket hang up)
[debug] &amp#27;[35m[ADB]&amp#27;[39m Running '/Users/stanislav.suleimanov/Library/Android/sdk/platform-tools/adb -P 5037 -s RZ8R10EDPRR shell am force-stop io.appium.uiautomator2.server.test'
&amp#27;[35m[UiAutomator2]&amp#27;[39m Starting UIAutomator2 server 4.21.1
&amp#27;[35m[UiAutomator2]&amp#27;[39m Using UIAutomator2 server from '/usr/local/lib/node_modules/appium/node_modules/appium-uiautomator2-server/apks/appium-uiautomator2-server-v4.21.1.apk' and test from '/usr/local/lib/node_modules/appium/node_modules/appium-uiautomator2-server/apks/appium-uiautomator2-server-debug-androidTest.apk'
&amp#27;[35m[UiAutomator2]&amp#27;[39m Waiting up to 30000ms for UiAutomator2 to be online...
[debug] &amp#27;[35m[ADB]&amp#27;[39m Creating ADB subprocess with args: ["-P",5037,"-s","RZ8R10EDPRR","shell","am","instrument","-w","-e","disableAnalytics",true,"io.appium.uiautomator2.server.test/androidx.test.runner.AndroidJUnitRunner"]
[debug] &amp#27;[35m[WD Proxy]&amp#27;[39m Matched '/status' to command name 'getStatus'
[debug] &amp#27;[35m[WD Proxy]&amp#27;[39m Proxying [GET /status] to [GET http://127.0.0.1:8200/wd/hub/status] with no body
&amp#27;[35m[WD Proxy]&amp#27;[39m socket hang up
[debug] &amp#27;[35m[WD Proxy]&amp#27;[39m Matched '/status' to command name 'getStatus'
[debug] &amp#27;[35m[WD Proxy]&amp#27;[39m Proxying [GET /status] to [GET http://127.0.0.1:8200/wd/hub/status] with no body
&amp#27;[35m[WD Proxy]&amp#27;[39m socket hang up
[debug] &amp#27;[35m[Instrumentation]&amp#27;[39m io.appium.uiautomator2.server.test.AppiumUiAutomator2Server:
[debug] &amp#27;[35m[WD Proxy]&amp#27;[39m Matched '/status' to command name 'getStatus'
[debug] &amp#27;[35m[WD Proxy]&amp#27;[39m Proxying [GET /status] to [GET http://127.0.0.1:8200/wd/hub/status] with no body
&amp#27;[35m[WD Proxy]&amp#27;[39m socket hang up
[debug] &amp#27;[35m[WD Proxy]&amp#27;[39m Matched '/status' to command name 'getStatus'
[debug] &amp#27;[35m[WD Proxy]&amp#27;[39m Proxying [GET /status] to [GET http://127.0.0.1:8200/wd/hub/status] with no body
[debug] &amp#27;[35m[WD Proxy]&amp#27;[39m Got response with status 200: {"sessionId":"None","value":{"message":"UiAutomator2 Server is ready to accept commands","ready":true}}
[debug] &amp#27;[35m[UiAutomator2]&amp#27;[39m The initialization of the instrumentation process took 3118ms
[debug] &amp#27;[35m[WD Proxy]&amp#27;[39m Matched '/session' to command name 'createSession'
[debug] &amp#27;[35m[WD Proxy]&amp#27;[39m Proxying [POST /session] to [POST http://127.0.0.1:8200/wd/hub/session] with body: {"capabilities":{"firstMatch":[{"platform":"LINUX","webStorageEnabled":false,"takesScreenshot":true,"javascriptEnabled":true,"databaseEnabled":false,"networkConnectionEnabled":true,"locationContextEnabled":false,"warnings":{},"desired":{"platformName":"android","app":"/Users/stanislav.suleimanov/Desktop/pion-mobile/src/main/resources/test-10.apk","appActivity":"com.bank.pivdenny.presentation.splash.SplashActivity","appPackage":"com.bank.pivdenny.prep","automationName":"uiautomator2","deviceName":"RZ8R10EDPRR","newCommandTimeout":30,"platformVersion":"11"},"platformName":"android","app":"/Users/stanislav.suleimanov/Desktop/pion-mobile/src/main/resources/test-10.apk","appActivity":"com.bank.pivdenny.presentation.splash.SplashActivity","appPackage":"com.bank.pivdenny.prep","automationName":"uiautomator2","deviceName":"RZ8R10EDPRR","newCommandTimeout":30,"platformVersion":"11","deviceUDID":"RZ8R10EDPRR"}],"alwaysMatch":{}}}
[debug] &amp#27;[35m[WD Proxy]&amp#27;[39m Got response with status 200: {"sessionId":"1622e8b2-7939-42b8-9b0b-c97c6eb16b0b","value":{"capabilities":{"firstMatch":[{"platform":"LINUX","webStorageEnabled":false,"takesScreenshot":true,"javascriptEnabled":true,"databaseEnabled":false,"networkConnectionEnabled":true,"locationContextEnabled":false,"warnings":{},"desired":{"platformName":"android","app":"/Users/stanislav.suleimanov/Desktop/pion-mobile/src/main/resources/test-10.apk","appActivity":"com.bank.pivdenny.presentation.splash.SplashActivity","appPackage":"com.bank.pivdenny.prep","automationName":"uiautomator2","deviceName":"RZ8R10EDPRR","newCommandTimeout":30,"platformVersion":"11"},"platformName":"android","app":"/Users/stanislav.suleimanov/Desktop/pion-mobile/src/main/resources/test-10.apk","appActivity":"com.bank.pivdenny.presentation.splash.SplashActivity","appPackage":"com.bank.pivdenny.prep","automationName":"uiautomator2","deviceName":"RZ8R10EDPRR","newCommandTimeout":30,"platformVersion":"11","deviceUDID":"RZ8R10EDPRR"}],"alwaysMatch":{}},"sessionId":"1622e8b2-7939-4...
&amp#27;[35m[WD Proxy]&amp#27;[39m Determined the downstream protocol as 'W3C'
[debug] &amp#27;[35m[WD Proxy]&amp#27;[39m Proxying [GET /appium/device/info] to [GET http://127.0.0.1:8200/wd/hub/session/1622e8b2-7939-42b8-9b0b-c97c6eb16b0b/appium/device/info] with no body
[debug] &amp#27;[35m[WD Proxy]&amp#27;[39m Got response with status 200: {"sessionId":"1622e8b2-7939-42b8-9b0b-c97c6eb16b0b","value":{"androidId":"3284b0bc64d43e84","apiVersion":"30","bluetooth":{"state":"OFF"},"brand":"samsung","carrierName":"Vodafone UA","displayDensity":420,"locale":"ru_RU","manufacturer":"samsung","model":"SM-M515F","networks":[{"capabilities":{"SSID":null,"linkDownBandwidthKbps":407628,"linkUpstreamBandwidthKbps":387247,"networkCapabilities":"NET_CAPABILITY_NOT_METERED,NET_CAPABILITY_INTERNET,NET_CAPABILITY_NOT_RESTRICTED,NET_CAPABILITY_TRUSTED,NET_CAPABILITY_NOT_VPN,NET_CAPABILITY_VALIDATED,NET_CAPABILITY_NOT_ROAMING,NET_CAPABILITY_FOREGROUND,NET_CAPABILITY_NOT_CONGESTED,NET_CAPABILITY_NOT_SUSPENDED","signalStrength":-60,"transportTypes":"TRANSPORT_WIFI"},"detailedState":"CONNECTED","extraInfo":"","isAvailable":true,"isConnected":true,"isFailover":false,"isRoaming":false,"state":"CONNECTED","subtype":0,"subtypeName":"","type":1,"typeName":"WIFI"}],"platformVersion":"11","realDisplaySize":"1080x2400","timeZone":"Europe/Kiev"}}
[debug] &amp#27;[35m[ADB]&amp#27;[39m Running '/Users/stanislav.suleimanov/Library/Android/sdk/platform-tools/adb -P 5037 -s RZ8R10EDPRR shell dumpsys window'
&amp#27;[35m[AndroidDriver]&amp#27;[39m Screen already unlocked, doing nothing
&amp#27;[35m[UiAutomator2]&amp#27;[39m Starting 'com.bank.pivdenny.prep/com.bank.pivdenny.presentation.splash.SplashActivity and waiting for 'com.bank.pivdenny.prep/com.bank.pivdenny.presentation.splash.SplashActivity'
[debug] &amp#27;[35m[ADB]&amp#27;[39m Running '/Users/stanislav.suleimanov/Library/Android/sdk/platform-tools/adb -P 5037 -s RZ8R10EDPRR shell am start -W -n com.bank.pivdenny.prep/com.bank.pivdenny.presentation.splash.SplashActivity -S -a android.intent.action.MAIN -c android.intent.category.LAUNCHER -f 0x10200000'
[debug] &amp#27;[35m[WD Proxy]&amp#27;[39m Proxying [GET /appium/device/pixel_ratio] to [GET http://127.0.0.1:8200/wd/hub/session/1622e8b2-7939-42b8-9b0b-c97c6eb16b0b/appium/device/pixel_ratio] with no body
[debug] &amp#27;[35m[WD Proxy]&amp#27;[39m Got response with status 200: {"sessionId":"1622e8b2-7939-42b8-9b0b-c97c6eb16b0b","value":2.625}
[debug] &amp#27;[35m[WD Proxy]&amp#27;[39m Matched '/appium/device/system_bars' to command name 'getSystemBars'
[debug] &amp#27;[35m[WD Proxy]&amp#27;[39m Proxying [GET /appium/device/system_bars] to [GET http://127.0.0.1:8200/wd/hub/session/1622e8b2-7939-42b8-9b0b-c97c6eb16b0b/appium/device/system_bars] with no body
[debug] &amp#27;[35m[WD Proxy]&amp#27;[39m Got response with status 200: {"sessionId":"1622e8b2-7939-42b8-9b0b-c97c6eb16b0b","value":{"statusBar":91}}
[debug] &amp#27;[35m[WD Proxy]&amp#27;[39m Matched '/window/current/size' to command name 'getWindowSize'
[debug] &amp#27;[35m[WD Proxy]&amp#27;[39m Proxying [GET /window/current/size] to [GET http://127.0.0.1:8200/wd/hub/session/1622e8b2-7939-42b8-9b0b-c97c6eb16b0b/window/current/size] with no body
[debug] &amp#27;[35m[WD Proxy]&amp#27;[39m Got response with status 200: {"sessionId":"1622e8b2-7939-42b8-9b0b-c97c6eb16b0b","value":{"height":2183,"width":1080}}
&amp#27;[35m[Appium]&amp#27;[39m New AndroidUiautomator2Driver session created successfully, session 8624a79b-e0e7-4b87-9ca6-8a0f7bf04d72 added to master session list
[debug] &amp#27;[35m[BaseDriver]&amp#27;[39m Event 'newSessionStarted' logged at 1636443187834 (09:33:07 GMT+0200 (Eastern European Standard Time))
[debug] &amp#27;[35m[W3C (8624a79b)]&amp#27;[39m Cached the protocol value 'W3C' for the new session 8624a79b-e0e7-4b87-9ca6-8a0f7bf04d72
[debug] &amp#27;[35m[W3C (8624a79b)]&amp#27;[39m Responding to client with driver.createSession() result: {"capabilities":{"platform":"LINUX","webStorageEnabled":false,"takesScreenshot":true,"javascriptEnabled":true,"databaseEnabled":false,"networkConnectionEnabled":true,"locationContextEnabled":false,"warnings":{},"desired":{"platformName":"android","app":"/Users/stanislav.suleimanov/Desktop/pion-mobile/src/main/resources/test-10.apk","appActivity":"com.bank.pivdenny.presentation.splash.SplashActivity","appPackage":"com.bank.pivdenny.prep","automationName":"uiautomator2","deviceName":"RZ8R10EDPRR","newCommandTimeout":30,"platformVersion":"11"},"platformName":"android","app":"/Users/stanislav.suleimanov/Desktop/pion-mobile/src/main/resources/test-10.apk","appActivity":"com.bank.pivdenny.presentation.splash.SplashActivity","appPackage":"com.bank.pivdenny.prep","automationName":"uiautomator2","deviceName":"RZ8R10EDPRR","newCommandTimeout":30,"platformVersion":"11","deviceUDID":"RZ8R10EDPRR","deviceApiLevel":30,"deviceScreenSize":"1080x2400","deviceScreenDensity":420,"deviceModel":"SM-M515F","deviceManufacturer":...
&amp#27;[35m[HTTP]&amp#27;[39m &amp#27;[37m<-- POST /wd/hub/session &amp#27;[39m&amp#27;[32m200&amp#27;[39m &amp#27;[90m16136 ms - 1193&amp#27;[39m
&amp#27;[35m[HTTP]&amp#27;[39m &amp#27;[90m&amp#27;[39m
&amp#27;[35m[HTTP]&amp#27;[39m &amp#27;[37m-->&amp#27;[39m &amp#27;[37mGET&amp#27;[39m &amp#27;[37m/wd/hub/session/8624a79b-e0e7-4b87-9ca6-8a0f7bf04d72&amp#27;[39m
&amp#27;[35m[HTTP]&amp#27;[39m &amp#27;[90m{}&amp#27;[39m
[debug] &amp#27;[35m[W3C (8624a79b)]&amp#27;[39m Calling AppiumDriver.getSession() with args: ["8624a79b-e0e7-4b87-9ca6-8a0f7bf04d72"]
[debug] &amp#27;[35m[UiAutomator2]&amp#27;[39m Getting session details from server to mix in
[debug] &amp#27;[35m[WD Proxy]&amp#27;[39m Matched '/' to command name 'getSession'
[debug] &amp#27;[35m[WD Proxy]&amp#27;[39m Proxying [GET /] to [GET http://127.0.0.1:8200/wd/hub/session/1622e8b2-7939-42b8-9b0b-c97c6eb16b0b] with no body
[debug] &amp#27;[35m[WD Proxy]&amp#27;[39m Got response with status 200: {"sessionId":"1622e8b2-7939-42b8-9b0b-c97c6eb16b0b","value":{"lastScrollData":null}}
[debug] &amp#27;[35m[W3C (8624a79b)]&amp#27;[39m Responding to client with driver.getSession() result: {"platform":"LINUX","webStorageEnabled":false,"takesScreenshot":true,"javascriptEnabled":true,"databaseEnabled":false,"networkConnectionEnabled":true,"locationContextEnabled":false,"warnings":{},"desired":{"platformName":"android","app":"/Users/stanislav.suleimanov/Desktop/pion-mobile/src/main/resources/test-10.apk","appActivity":"com.bank.pivdenny.presentation.splash.SplashActivity","appPackage":"com.bank.pivdenny.prep","automationName":"uiautomator2","deviceName":"RZ8R10EDPRR","newCommandTimeout":30,"platformVersion":"11"},"platformName":"android","app":"/Users/stanislav.suleimanov/Desktop/pion-mobile/src/main/resources/test-10.apk","appActivity":"com.bank.pivdenny.presentation.splash.SplashActivity","appPackage":"com.bank.pivdenny.prep","automationName":"uiautomator2","deviceName":"RZ8R10EDPRR","newCommandTimeout":30,"platformVersion":"11","deviceUDID":"RZ8R10EDPRR","deviceApiLevel":30,"deviceScreenSize":"1080x2400","deviceScreenDensity":420,"deviceModel":"SM-M515F","deviceManufacturer":"samsung","pixel...
&amp#27;[35m[HTTP]&amp#27;[39m &amp#27;[37m<-- GET /wd/hub/session/8624a79b-e0e7-4b87-9ca6-8a0f7bf04d72 &amp#27;[39m&amp#27;[32m200&amp#27;[39m &amp#27;[90m41 ms - 1147&amp#27;[39m
&amp#27;[35m[HTTP]&amp#27;[39m &amp#27;[90m&amp#27;[39m
&amp#27;[35m[HTTP]&amp#27;[39m &amp#27;[37m-->&amp#27;[39m &amp#27;[37mGET&amp#27;[39m &amp#27;[37m/wd/hub/session/8624a79b-e0e7-4b87-9ca6-8a0f7bf04d72&amp#27;[39m
&amp#27;[35m[HTTP]&amp#27;[39m &amp#27;[90m{}&amp#27;[39m
[debug] &amp#27;[35m[W3C (8624a79b)]&amp#27;[39m Calling AppiumDriver.getSession() with args: ["8624a79b-e0e7-4b87-9ca6-8a0f7bf04d72"]
[debug] &amp#27;[35m[UiAutomator2]&amp#27;[39m Getting session details from server to mix in
[debug] &amp#27;[35m[WD Proxy]&amp#27;[39m Matched '/' to command name 'getSession'
[debug] &amp#27;[35m[WD Proxy]&amp#27;[39m Proxying [GET /] to [GET http://127.0.0.1:8200/wd/hub/session/1622e8b2-7939-42b8-9b0b-c97c6eb16b0b] with no body
[debug] &amp#27;[35m[WD Proxy]&amp#27;[39m Got response with status 200: {"sessionId":"1622e8b2-7939-42b8-9b0b-c97c6eb16b0b","value":{"lastScrollData":null}}
[debug] &amp#27;[35m[W3C (8624a79b)]&amp#27;[39m Responding to client with driver.getSession() result: {"platform":"LINUX","webStorageEnabled":false,"takesScreenshot":true,"javascriptEnabled":true,"databaseEnabled":false,"networkConnectionEnabled":true,"locationContextEnabled":false,"warnings":{},"desired":{"platformName":"android","app":"/Users/stanislav.suleimanov/Desktop/pion-mobile/src/main/resources/test-10.apk","appActivity":"com.bank.pivdenny.presentation.splash.SplashActivity","appPackage":"com.bank.pivdenny.prep","automationName":"uiautomator2","deviceName":"RZ8R10EDPRR","newCommandTimeout":30,"platformVersion":"11"},"platformName":"android","app":"/Users/stanislav.suleimanov/Desktop/pion-mobile/src/main/resources/test-10.apk","appActivity":"com.bank.pivdenny.presentation.splash.SplashActivity","appPackage":"com.bank.pivdenny.prep","automationName":"uiautomator2","deviceName":"RZ8R10EDPRR","newCommandTimeout":30,"platformVersion":"11","deviceUDID":"RZ8R10EDPRR","deviceApiLevel":30,"deviceScreenSize":"1080x2400","deviceScreenDensity":420,"deviceModel":"SM-M515F","deviceManufacturer":"samsung","pixel...
&amp#27;[35m[HTTP]&amp#27;[39m &amp#27;[37m<-- GET /wd/hub/session/8624a79b-e0e7-4b87-9ca6-8a0f7bf04d72 &amp#27;[39m&amp#27;[32m200&amp#27;[39m &amp#27;[90m32 ms - 1147&amp#27;[39m
&amp#27;[35m[HTTP]&amp#27;[39m &amp#27;[90m&amp#27;[39m
&amp#27;[35m[HTTP]&amp#27;[39m &amp#27;[37m-->&amp#27;[39m &amp#27;[37mPOST&amp#27;[39m &amp#27;[37m/wd/hub/session/8624a79b-e0e7-4b87-9ca6-8a0f7bf04d72/timeouts&amp#27;[39m
&amp#27;[35m[HTTP]&amp#27;[39m &amp#27;[90m{"implicit":30000}&amp#27;[39m
[debug] &amp#27;[35m[W3C (8624a79b)]&amp#27;[39m Calling AppiumDriver.timeouts() with args: [null,null,null,null,30000,"8624a79b-e0e7-4b87-9ca6-8a0f7bf04d72"]
[debug] &amp#27;[35m[BaseDriver]&amp#27;[39m W3C timeout argument: {"implicit":30000}}
[debug] &amp#27;[35m[BaseDriver]&amp#27;[39m Set implicit wait to 30000ms
[debug] &amp#27;[35m[W3C (8624a79b)]&amp#27;[39m Responding to client with driver.timeouts() result: null
&amp#27;[35m[HTTP]&amp#27;[39m &amp#27;[37m<-- POST /wd/hub/session/8624a79b-e0e7-4b87-9ca6-8a0f7bf04d72/timeouts &amp#27;[39m&amp#27;[32m200&amp#27;[39m &amp#27;[90m2 ms - 14&amp#27;[39m
&amp#27;[35m[HTTP]&amp#27;[39m &amp#27;[90m&amp#27;[39m
&amp#27;[35m[HTTP]&amp#27;[39m &amp#27;[37m-->&amp#27;[39m &amp#27;[37mGET&amp#27;[39m &amp#27;[37m/wd/hub/session/8624a79b-e0e7-4b87-9ca6-8a0f7bf04d72&amp#27;[39m
&amp#27;[35m[HTTP]&amp#27;[39m &amp#27;[90m{}&amp#27;[39m
[debug] &amp#27;[35m[W3C (8624a79b)]&amp#27;[39m Calling AppiumDriver.getSession() with args: ["8624a79b-e0e7-4b87-9ca6-8a0f7bf04d72"]
[debug] &amp#27;[35m[UiAutomator2]&amp#27;[39m Getting session details from server to mix in
[debug] &amp#27;[35m[WD Proxy]&amp#27;[39m Matched '/' to command name 'getSession'
[debug] &amp#27;[35m[WD Proxy]&amp#27;[39m Proxying [GET /] to [GET http://127.0.0.1:8200/wd/hub/session/1622e8b2-7939-42b8-9b0b-c97c6eb16b0b] with no body
[debug] &amp#27;[35m[WD Proxy]&amp#27;[39m Got response with status 200: {"sessionId":"1622e8b2-7939-42b8-9b0b-c97c6eb16b0b","value":{"lastScrollData":null}}
[debug] &amp#27;[35m[W3C (8624a79b)]&amp#27;[39m Responding to client with driver.getSession() result: {"platform":"LINUX","webStorageEnabled":false,"takesScreenshot":true,"javascriptEnabled":true,"databaseEnabled":false,"networkConnectionEnabled":true,"locationContextEnabled":false,"warnings":{},"desired":{"platformName":"android","app":"/Users/stanislav.suleimanov/Desktop/pion-mobile/src/main/resources/test-10.apk","appActivity":"com.bank.pivdenny.presentation.splash.SplashActivity","appPackage":"com.bank.pivdenny.prep","automationName":"uiautomator2","deviceName":"RZ8R10EDPRR","newCommandTimeout":30,"platformVersion":"11"},"platformName":"android","app":"/Users/stanislav.suleimanov/Desktop/pion-mobile/src/main/resources/test-10.apk","appActivity":"com.bank.pivdenny.presentation.splash.SplashActivity","appPackage":"com.bank.pivdenny.prep","automationName":"uiautomator2","deviceName":"RZ8R10EDPRR","newCommandTimeout":30,"platformVersion":"11","deviceUDID":"RZ8R10EDPRR","deviceApiLevel":30,"deviceScreenSize":"1080x2400","deviceScreenDensity":420,"deviceModel":"SM-M515F","deviceManufacturer":"samsung","pixel...
&amp#27;[35m[HTTP]&amp#27;[39m &amp#27;[37m<-- GET /wd/hub/session/8624a79b-e0e7-4b87-9ca6-8a0f7bf04d72 &amp#27;[39m&amp#27;[32m200&amp#27;[39m &amp#27;[90m23 ms - 1147&amp#27;[39m
&amp#27;[35m[HTTP]&amp#27;[39m &amp#27;[90m&amp#27;[39m
&amp#27;[35m[HTTP]&amp#27;[39m &amp#27;[37m-->&amp#27;[39m &amp#27;[37mGET&amp#27;[39m &amp#27;[37m/wd/hub/session/8624a79b-e0e7-4b87-9ca6-8a0f7bf04d72&amp#27;[39m
&amp#27;[35m[HTTP]&amp#27;[39m &amp#27;[90m{}&amp#27;[39m
[debug] &amp#27;[35m[W3C (8624a79b)]&amp#27;[39m Calling AppiumDriver.getSession() with args: ["8624a79b-e0e7-4b87-9ca6-8a0f7bf04d72"]
[debug] &amp#27;[35m[UiAutomator2]&amp#27;[39m Getting session details from server to mix in
[debug] &amp#27;[35m[WD Proxy]&amp#27;[39m Matched '/' to command name 'getSession'
[debug] &amp#27;[35m[WD Proxy]&amp#27;[39m Proxying [GET /] to [GET http://127.0.0.1:8200/wd/hub/session/1622e8b2-7939-42b8-9b0b-c97c6eb16b0b] with no body
[debug] &amp#27;[35m[WD Proxy]&amp#27;[39m Got response with status 200: {"sessionId":"1622e8b2-7939-42b8-9b0b-c97c6eb16b0b","value":{"lastScrollData":null}}
[debug] &amp#27;[35m[W3C (8624a79b)]&amp#27;[39m Responding to client with driver.getSession() result: {"platform":"LINUX","webStorageEnabled":false,"takesScreenshot":true,"javascriptEnabled":true,"databaseEnabled":false,"networkConnectionEnabled":true,"locationContextEnabled":false,"warnings":{},"desired":{"platformName":"android","app":"/Users/stanislav.suleimanov/Desktop/pion-mobile/src/main/resources/test-10.apk","appActivity":"com.bank.pivdenny.presentation.splash.SplashActivity","appPackage":"com.bank.pivdenny.prep","automationName":"uiautomator2","deviceName":"RZ8R10EDPRR","newCommandTimeout":30,"platformVersion":"11"},"platformName":"android","app":"/Users/stanislav.suleimanov/Desktop/pion-mobile/src/main/resources/test-10.apk","appActivity":"com.bank.pivdenny.presentation.splash.SplashActivity","appPackage":"com.bank.pivdenny.prep","automationName":"uiautomator2","deviceName":"RZ8R10EDPRR","newCommandTimeout":30,"platformVersion":"11","deviceUDID":"RZ8R10EDPRR","deviceApiLevel":30,"deviceScreenSize":"1080x2400","deviceScreenDensity":420,"deviceModel":"SM-M515F","deviceManufacturer":"samsung","pixel...
&amp#27;[35m[HTTP]&amp#27;[39m &amp#27;[37m<-- GET /wd/hub/session/8624a79b-e0e7-4b87-9ca6-8a0f7bf04d72 &amp#27;[39m&amp#27;[32m200&amp#27;[39m &amp#27;[90m27 ms - 1147&amp#27;[39m
&amp#27;[35m[HTTP]&amp#27;[39m &amp#27;[90m&amp#27;[39m
&amp#27;[35m[HTTP]&amp#27;[39m &amp#27;[37m-->&amp#27;[39m &amp#27;[37mGET&amp#27;[39m &amp#27;[37m/wd/hub/status&amp#27;[39m
&amp#27;[35m[HTTP]&amp#27;[39m &amp#27;[90m{}&amp#27;[39m
[debug] &amp#27;[35m[GENERIC]&amp#27;[39m Calling AppiumDriver.getStatus() with args: []
[debug] &amp#27;[35m[GENERIC]&amp#27;[39m Responding to client with driver.getStatus() result: {"build":{"version":"1.21.0"}}
&amp#27;[35m[HTTP]&amp#27;[39m &amp#27;[37m<-- GET /wd/hub/status &amp#27;[39m&amp#27;[32m200&amp#27;[39m &amp#27;[90m1 ms - 68&amp#27;[39m
&amp#27;[35m[HTTP]&amp#27;[39m &amp#27;[90m&amp#27;[39m
&amp#27;[35m[Appium]&amp#27;[39m Welcome to Appium v1.21.0
&amp#27;[35m[HTTP]&amp#27;[39m Could not start REST http interface listener. The requested port may already be in use. Please make sure there is no other instance of this server running already.
Fatal Error: listen EADDRINUSE: address already in use 0.0.0.0:4723
    at Server.setupListenHandle [as _listen2] (net.js:1318:16)
    at listenInCluster (net.js:1366:12)
    at doListen (net.js:1503:7)
    at processTicksAndRejections (internal/process/task_queues.js:83:21)
&amp#27;[35m[HTTP]&amp#27;[39m &amp#27;[37m-->&amp#27;[39m &amp#27;[37mGET&amp#27;[39m &amp#27;[37m/wd/hub/session/8624a79b-e0e7-4b87-9ca6-8a0f7bf04d72&amp#27;[39m
&amp#27;[35m[HTTP]&amp#27;[39m &amp#27;[90m{}&amp#27;[39m
[debug] &amp#27;[35m[W3C (8624a79b)]&amp#27;[39m Calling AppiumDriver.getSession() with args: ["8624a79b-e0e7-4b87-9ca6-8a0f7bf04d72"]
[debug] &amp#27;[35m[UiAutomator2]&amp#27;[39m Getting session details from server to mix in
[debug] &amp#27;[35m[WD Proxy]&amp#27;[39m Matched '/' to command name 'getSession'
[debug] &amp#27;[35m[WD Proxy]&amp#27;[39m Proxying [GET /] to [GET http://127.0.0.1:8200/wd/hub/session/1622e8b2-7939-42b8-9b0b-c97c6eb16b0b] with no body
[debug] &amp#27;[35m[WD Proxy]&amp#27;[39m Got response with status 200: {"sessionId":"1622e8b2-7939-42b8-9b0b-c97c6eb16b0b","value":{"lastScrollData":null}}
[debug] &amp#27;[35m[W3C (8624a79b)]&amp#27;[39m Responding to client with driver.getSession() result: {"platform":"LINUX","webStorageEnabled":false,"takesScreenshot":true,"javascriptEnabled":true,"databaseEnabled":false,"networkConnectionEnabled":true,"locationContextEnabled":false,"warnings":{},"desired":{"platformName":"android","app":"/Users/stanislav.suleimanov/Desktop/pion-mobile/src/main/resources/test-10.apk","appActivity":"com.bank.pivdenny.presentation.splash.SplashActivity","appPackage":"com.bank.pivdenny.prep","automationName":"uiautomator2","deviceName":"RZ8R10EDPRR","newCommandTimeout":30,"platformVersion":"11"},"platformName":"android","app":"/Users/stanislav.suleimanov/Desktop/pion-mobile/src/main/resources/test-10.apk","appActivity":"com.bank.pivdenny.presentation.splash.SplashActivity","appPackage":"com.bank.pivdenny.prep","automationName":"uiautomator2","deviceName":"RZ8R10EDPRR","newCommandTimeout":30,"platformVersion":"11","deviceUDID":"RZ8R10EDPRR","deviceApiLevel":30,"deviceScreenSize":"1080x2400","deviceScreenDensity":420,"deviceModel":"SM-M515F","deviceManufacturer":"samsung","pixel...
&amp#27;[35m[HTTP]&amp#27;[39m &amp#27;[37m<-- GET /wd/hub/session/8624a79b-e0e7-4b87-9ca6-8a0f7bf04d72 &amp#27;[39m&amp#27;[32m200&amp#27;[39m &amp#27;[90m39 ms - 1147&amp#27;[39m
&amp#27;[35m[HTTP]&amp#27;[39m &amp#27;[90m&amp#27;[39m
&amp#27;[35m[HTTP]&amp#27;[39m &amp#27;[37m-->&amp#27;[39m &amp#27;[37mPOST&amp#27;[39m &amp#27;[37m/wd/hub/session/8624a79b-e0e7-4b87-9ca6-8a0f7bf04d72/element&amp#27;[39m
&amp#27;[35m[HTTP]&amp#27;[39m &amp#27;[90m{"using":"id","value":"com.bank.pivdenny.prep:id/input_target"}&amp#27;[39m
[debug] &amp#27;[35m[W3C (8624a79b)]&amp#27;[39m Calling AppiumDriver.findElement() with args: ["id","com.bank.pivdenny.prep:id/input_target","8624a79b-e0e7-4b87-9ca6-8a0f7bf04d72"]
[debug] &amp#27;[35m[BaseDriver]&amp#27;[39m Valid locator strategies for this request: xpath, id, class name, accessibility id, css selector, -android uiautomator
[debug] &amp#27;[35m[BaseDriver]&amp#27;[39m Waiting up to 30000 ms for condition
[debug] &amp#27;[35m[WD Proxy]&amp#27;[39m Matched '/element' to command name 'findElement'
[debug] &amp#27;[35m[WD Proxy]&amp#27;[39m Proxying [POST /element] to [POST http://127.0.0.1:8200/wd/hub/session/1622e8b2-7939-42b8-9b0b-c97c6eb16b0b/element] with body: {"strategy":"id","selector":"com.bank.pivdenny.prep:id/input_target","context":"","multiple":false}
[debug] &amp#27;[35m[WD Proxy]&amp#27;[39m Got response with status 200: {"sessionId":"1622e8b2-7939-42b8-9b0b-c97c6eb16b0b","value":{"ELEMENT":"12e7ac2b-0aa7-415b-914a-761b2b819731","element-6066-11e4-a52e-4f735466cecf":"12e7ac2b-0aa7-415b-914a-761b2b819731"}}
[debug] &amp#27;[35m[W3C (8624a79b)]&amp#27;[39m Responding to client with driver.findElement() result: {"element-6066-11e4-a52e-4f735466cecf":"12e7ac2b-0aa7-415b-914a-761b2b819731","ELEMENT":"12e7ac2b-0aa7-415b-914a-761b2b819731"}
&amp#27;[35m[HTTP]&amp#27;[39m &amp#27;[37m<-- POST /wd/hub/session/8624a79b-e0e7-4b87-9ca6-8a0f7bf04d72/element &amp#27;[39m&amp#27;[32m200&amp#27;[39m &amp#27;[90m87 ms - 137&amp#27;[39m
&amp#27;[35m[HTTP]&amp#27;[39m &amp#27;[90m&amp#27;[39m
&amp#27;[35m[HTTP]&amp#27;[39m &amp#27;[37m-->&amp#27;[39m &amp#27;[37mPOST&amp#27;[39m &amp#27;[37m/wd/hub/session/8624a79b-e0e7-4b87-9ca6-8a0f7bf04d72/element/12e7ac2b-0aa7-415b-914a-761b2b819731/clear&amp#27;[39m
&amp#27;[35m[HTTP]&amp#27;[39m &amp#27;[90m{"id":"12e7ac2b-0aa7-415b-914a-761b2b819731"}&amp#27;[39m
[debug] &amp#27;[35m[W3C (8624a79b)]&amp#27;[39m Calling AppiumDriver.clear() with args: ["12e7ac2b-0aa7-415b-914a-761b2b819731","8624a79b-e0e7-4b87-9ca6-8a0f7bf04d72"]
[debug] &amp#27;[35m[WD Proxy]&amp#27;[39m Matched '/element/12e7ac2b-0aa7-415b-914a-761b2b819731/clear' to command name 'clear'
[debug] &amp#27;[35m[WD Proxy]&amp#27;[39m Proxying [POST /element/12e7ac2b-0aa7-415b-914a-761b2b819731/clear] to [POST http://127.0.0.1:8200/wd/hub/session/1622e8b2-7939-42b8-9b0b-c97c6eb16b0b/element/12e7ac2b-0aa7-415b-914a-761b2b819731/clear] with body: {"elementId":"12e7ac2b-0aa7-415b-914a-761b2b819731"}
[debug] &amp#27;[35m[WD Proxy]&amp#27;[39m Got response with status 200: {"sessionId":"1622e8b2-7939-42b8-9b0b-c97c6eb16b0b","value":null}
[debug] &amp#27;[35m[W3C (8624a79b)]&amp#27;[39m Responding to client with driver.clear() result: null
&amp#27;[35m[HTTP]&amp#27;[39m &amp#27;[37m<-- POST /wd/hub/session/8624a79b-e0e7-4b87-9ca6-8a0f7bf04d72/element/12e7ac2b-0aa7-415b-914a-761b2b819731/clear &amp#27;[39m&amp#27;[32m200&amp#27;[39m &amp#27;[90m80 ms - 14&amp#27;[39m
&amp#27;[35m[HTTP]&amp#27;[39m &amp#27;[90m&amp#27;[39m
&amp#27;[35m[HTTP]&amp#27;[39m &amp#27;[37m-->&amp#27;[39m &amp#27;[37mGET&amp#27;[39m &amp#27;[37m/wd/hub/session/8624a79b-e0e7-4b87-9ca6-8a0f7bf04d72&amp#27;[39m
&amp#27;[35m[HTTP]&amp#27;[39m &amp#27;[90m{}&amp#27;[39m
[debug] &amp#27;[35m[W3C (8624a79b)]&amp#27;[39m Calling AppiumDriver.getSession() with args: ["8624a79b-e0e7-4b87-9ca6-8a0f7bf04d72"]
[debug] &amp#27;[35m[UiAutomator2]&amp#27;[39m Getting session details from server to mix in
[debug] &amp#27;[35m[WD Proxy]&amp#27;[39m Matched '/' to command name 'getSession'
[debug] &amp#27;[35m[WD Proxy]&amp#27;[39m Proxying [GET /] to [GET http://127.0.0.1:8200/wd/hub/session/1622e8b2-7939-42b8-9b0b-c97c6eb16b0b] with no body
[debug] &amp#27;[35m[WD Proxy]&amp#27;[39m Got response with status 200: {"sessionId":"1622e8b2-7939-42b8-9b0b-c97c6eb16b0b","value":{"lastScrollData":null}}
[debug] &amp#27;[35m[W3C (8624a79b)]&amp#27;[39m Responding to client with driver.getSession() result: {"platform":"LINUX","webStorageEnabled":false,"takesScreenshot":true,"javascriptEnabled":true,"databaseEnabled":false,"networkConnectionEnabled":true,"locationContextEnabled":false,"warnings":{},"desired":{"platformName":"android","app":"/Users/stanislav.suleimanov/Desktop/pion-mobile/src/main/resources/test-10.apk","appActivity":"com.bank.pivdenny.presentation.splash.SplashActivity","appPackage":"com.bank.pivdenny.prep","automationName":"uiautomator2","deviceName":"RZ8R10EDPRR","newCommandTimeout":30,"platformVersion":"11"},"platformName":"android","app":"/Users/stanislav.suleimanov/Desktop/pion-mobile/src/main/resources/test-10.apk","appActivity":"com.bank.pivdenny.presentation.splash.SplashActivity","appPackage":"com.bank.pivdenny.prep","automationName":"uiautomator2","deviceName":"RZ8R10EDPRR","newCommandTimeout":30,"platformVersion":"11","deviceUDID":"RZ8R10EDPRR","deviceApiLevel":30,"deviceScreenSize":"1080x2400","deviceScreenDensity":420,"deviceModel":"SM-M515F","deviceManufacturer":"samsung","pixel...
&amp#27;[35m[HTTP]&amp#27;[39m &amp#27;[37m<-- GET /wd/hub/session/8624a79b-e0e7-4b87-9ca6-8a0f7bf04d72 &amp#27;[39m&amp#27;[32m200&amp#27;[39m &amp#27;[90m12 ms - 1147&amp#27;[39m
&amp#27;[35m[HTTP]&amp#27;[39m &amp#27;[90m&amp#27;[39m
&amp#27;[35m[HTTP]&amp#27;[39m &amp#27;[37m-->&amp#27;[39m &amp#27;[37mPOST&amp#27;[39m &amp#27;[37m/wd/hub/session/8624a79b-e0e7-4b87-9ca6-8a0f7bf04d72/element&amp#27;[39m
&amp#27;[35m[HTTP]&amp#27;[39m &amp#27;[90m{"using":"id","value":"com.bank.pivdenny.prep:id/input_target"}&amp#27;[39m
[debug] &amp#27;[35m[W3C (8624a79b)]&amp#27;[39m Calling AppiumDriver.findElement() with args: ["id","com.bank.pivdenny.prep:id/input_target","8624a79b-e0e7-4b87-9ca6-8a0f7bf04d72"]
[debug] &amp#27;[35m[BaseDriver]&amp#27;[39m Valid locator strategies for this request: xpath, id, class name, accessibility id, css selector, -android uiautomator
[debug] &amp#27;[35m[BaseDriver]&amp#27;[39m Waiting up to 30000 ms for condition
[debug] &amp#27;[35m[WD Proxy]&amp#27;[39m Matched '/element' to command name 'findElement'
[debug] &amp#27;[35m[WD Proxy]&amp#27;[39m Proxying [POST /element] to [POST http://127.0.0.1:8200/wd/hub/session/1622e8b2-7939-42b8-9b0b-c97c6eb16b0b/element] with body: {"strategy":"id","selector":"com.bank.pivdenny.prep:id/input_target","context":"","multiple":false}
[debug] &amp#27;[35m[WD Proxy]&amp#27;[39m Got response with status 200: {"sessionId":"1622e8b2-7939-42b8-9b0b-c97c6eb16b0b","value":{"ELEMENT":"951774fe-c81f-414e-af3f-a950b40cf57e","element-6066-11e4-a52e-4f735466cecf":"951774fe-c81f-414e-af3f-a950b40cf57e"}}
[debug] &amp#27;[35m[W3C (8624a79b)]&amp#27;[39m Responding to client with driver.findElement() result: {"element-6066-11e4-a52e-4f735466cecf":"951774fe-c81f-414e-af3f-a950b40cf57e","ELEMENT":"951774fe-c81f-414e-af3f-a950b40cf57e"}
&amp#27;[35m[HTTP]&amp#27;[39m &amp#27;[37m<-- POST /wd/hub/session/8624a79b-e0e7-4b87-9ca6-8a0f7bf04d72/element &amp#27;[39m&amp#27;[32m200&amp#27;[39m &amp#27;[90m619 ms - 137&amp#27;[39m
&amp#27;[35m[HTTP]&amp#27;[39m &amp#27;[90m&amp#27;[39m
&amp#27;[35m[HTTP]&amp#27;[39m &amp#27;[37m-->&amp#27;[39m &amp#27;[37mPOST&amp#27;[39m &amp#27;[37m/wd/hub/session/8624a79b-e0e7-4b87-9ca6-8a0f7bf04d72/element/951774fe-c81f-414e-af3f-a950b40cf57e/value&amp#27;[39m
&amp#27;[35m[HTTP]&amp#27;[39m &amp#27;[90m{"id":"951774fe-c81f-414e-af3f-a950b40cf57e","text":"996593834","value":["9","9","6","5","9","3","8","3","4"]}&amp#27;[39m
[debug] &amp#27;[35m[W3C (8624a79b)]&amp#27;[39m Calling AppiumDriver.setValue() with args: [["9","9","6","5","9","3","8","3","4"],"951774fe-c81f-414e-af3f-a950b40cf57e","8624a79b-e0e7-4b87-9ca6-8a0f7bf04d72"]
[debug] &amp#27;[35m[WD Proxy]&amp#27;[39m Matched '/element/951774fe-c81f-414e-af3f-a950b40cf57e/value' to command name 'setValue'
[debug] &amp#27;[35m[Protocol Converter]&amp#27;[39m Added 'value' property ["9","9","6","5","9","3","8","3","4"] to 'setValue' request body
[debug] &amp#27;[35m[WD Proxy]&amp#27;[39m Proxying [POST /element/951774fe-c81f-414e-af3f-a950b40cf57e/value] to [POST http://127.0.0.1:8200/wd/hub/session/1622e8b2-7939-42b8-9b0b-c97c6eb16b0b/element/951774fe-c81f-414e-af3f-a950b40cf57e/value] with body: {"elementId":"951774fe-c81f-414e-af3f-a950b40cf57e","text":"996593834","replace":false,"value":["9","9","6","5","9","3","8","3","4"]}
[debug] &amp#27;[35m[WD Proxy]&amp#27;[39m Got response with status 200: {"sessionId":"1622e8b2-7939-42b8-9b0b-c97c6eb16b0b","value":null}
[debug] &amp#27;[35m[W3C (8624a79b)]&amp#27;[39m Responding to client with driver.setValue() result: null
&amp#27;[35m[HTTP]&amp#27;[39m &amp#27;[37m<-- POST /wd/hub/session/8624a79b-e0e7-4b87-9ca6-8a0f7bf04d72/element/951774fe-c81f-414e-af3f-a950b40cf57e/value &amp#27;[39m&amp#27;[32m200&amp#27;[39m &amp#27;[90m74 ms - 14&amp#27;[39m
&amp#27;[35m[HTTP]&amp#27;[39m &amp#27;[90m&amp#27;[39m
&amp#27;[35m[HTTP]&amp#27;[39m &amp#27;[37m-->&amp#27;[39m &amp#27;[37mGET&amp#27;[39m &amp#27;[37m/wd/hub/session/8624a79b-e0e7-4b87-9ca6-8a0f7bf04d72&amp#27;[39m
&amp#27;[35m[HTTP]&amp#27;[39m &amp#27;[90m{}&amp#27;[39m
[debug] &amp#27;[35m[W3C (8624a79b)]&amp#27;[39m Calling AppiumDriver.getSession() with args: ["8624a79b-e0e7-4b87-9ca6-8a0f7bf04d72"]
[debug] &amp#27;[35m[UiAutomator2]&amp#27;[39m Getting session details from server to mix in
[debug] &amp#27;[35m[WD Proxy]&amp#27;[39m Matched '/' to command name 'getSession'
[debug] &amp#27;[35m[WD Proxy]&amp#27;[39m Proxying [GET /] to [GET http://127.0.0.1:8200/wd/hub/session/1622e8b2-7939-42b8-9b0b-c97c6eb16b0b] with no body
[debug] &amp#27;[35m[WD Proxy]&amp#27;[39m Got response with status 200: {"sessionId":"1622e8b2-7939-42b8-9b0b-c97c6eb16b0b","value":{"lastScrollData":null}}
[debug] &amp#27;[35m[W3C (8624a79b)]&amp#27;[39m Responding to client with driver.getSession() result: {"platform":"LINUX","webStorageEnabled":false,"takesScreenshot":true,"javascriptEnabled":true,"databaseEnabled":false,"networkConnectionEnabled":true,"locationContextEnabled":false,"warnings":{},"desired":{"platformName":"android","app":"/Users/stanislav.suleimanov/Desktop/pion-mobile/src/main/resources/test-10.apk","appActivity":"com.bank.pivdenny.presentation.splash.SplashActivity","appPackage":"com.bank.pivdenny.prep","automationName":"uiautomator2","deviceName":"RZ8R10EDPRR","newCommandTimeout":30,"platformVersion":"11"},"platformName":"android","app":"/Users/stanislav.suleimanov/Desktop/pion-mobile/src/main/resources/test-10.apk","appActivity":"com.bank.pivdenny.presentation.splash.SplashActivity","appPackage":"com.bank.pivdenny.prep","automationName":"uiautomator2","deviceName":"RZ8R10EDPRR","newCommandTimeout":30,"platformVersion":"11","deviceUDID":"RZ8R10EDPRR","deviceApiLevel":30,"deviceScreenSize":"1080x2400","deviceScreenDensity":420,"deviceModel":"SM-M515F","deviceManufacturer":"samsung","pixel...
&amp#27;[35m[HTTP]&amp#27;[39m &amp#27;[37m<-- GET /wd/hub/session/8624a79b-e0e7-4b87-9ca6-8a0f7bf04d72 &amp#27;[39m&amp#27;[32m200&amp#27;[39m &amp#27;[90m24 ms - 1147&amp#27;[39m
&amp#27;[35m[HTTP]&amp#27;[39m &amp#27;[90m&amp#27;[39m
&amp#27;[35m[HTTP]&amp#27;[39m &amp#27;[37m-->&amp#27;[39m &amp#27;[37mPOST&amp#27;[39m &amp#27;[37m/wd/hub/session/8624a79b-e0e7-4b87-9ca6-8a0f7bf04d72/element&amp#27;[39m
&amp#27;[35m[HTTP]&amp#27;[39m &amp#27;[90m{"using":"id","value":"com.bank.pivdenny.prep:id/btn_accept"}&amp#27;[39m
[debug] &amp#27;[35m[W3C (8624a79b)]&amp#27;[39m Calling AppiumDriver.findElement() with args: ["id","com.bank.pivdenny.prep:id/btn_accept","8624a79b-e0e7-4b87-9ca6-8a0f7bf04d72"]
[debug] &amp#27;[35m[BaseDriver]&amp#27;[39m Valid locator strategies for this request: xpath, id, class name, accessibility id, css selector, -android uiautomator
[debug] &amp#27;[35m[BaseDriver]&amp#27;[39m Waiting up to 30000 ms for condition
[debug] &amp#27;[35m[WD Proxy]&amp#27;[39m Matched '/element' to command name 'findElement'
[debug] &amp#27;[35m[WD Proxy]&amp#27;[39m Proxying [POST /element] to [POST http://127.0.0.1:8200/wd/hub/session/1622e8b2-7939-42b8-9b0b-c97c6eb16b0b/element] with body: {"strategy":"id","selector":"com.bank.pivdenny.prep:id/btn_accept","context":"","multiple":false}
[debug] &amp#27;[35m[WD Proxy]&amp#27;[39m Got response with status 200: {"sessionId":"1622e8b2-7939-42b8-9b0b-c97c6eb16b0b","value":{"ELEMENT":"63f2fe5a-f356-4100-a50f-32324a89f823","element-6066-11e4-a52e-4f735466cecf":"63f2fe5a-f356-4100-a50f-32324a89f823"}}
[debug] &amp#27;[35m[W3C (8624a79b)]&amp#27;[39m Responding to client with driver.findElement() result: {"element-6066-11e4-a52e-4f735466cecf":"63f2fe5a-f356-4100-a50f-32324a89f823","ELEMENT":"63f2fe5a-f356-4100-a50f-32324a89f823"}
&amp#27;[35m[HTTP]&amp#27;[39m &amp#27;[37m<-- POST /wd/hub/session/8624a79b-e0e7-4b87-9ca6-8a0f7bf04d72/element &amp#27;[39m&amp#27;[32m200&amp#27;[39m &amp#27;[90m584 ms - 137&amp#27;[39m
&amp#27;[35m[HTTP]&amp#27;[39m &amp#27;[90m&amp#27;[39m
&amp#27;[35m[HTTP]&amp#27;[39m &amp#27;[37m-->&amp#27;[39m &amp#27;[37mPOST&amp#27;[39m &amp#27;[37m/wd/hub/session/8624a79b-e0e7-4b87-9ca6-8a0f7bf04d72/element/63f2fe5a-f356-4100-a50f-32324a89f823/click&amp#27;[39m
&amp#27;[35m[HTTP]&amp#27;[39m &amp#27;[90m{"id":"63f2fe5a-f356-4100-a50f-32324a89f823"}&amp#27;[39m
[debug] &amp#27;[35m[W3C (8624a79b)]&amp#27;[39m Calling AppiumDriver.click() with args: ["63f2fe5a-f356-4100-a50f-32324a89f823","8624a79b-e0e7-4b87-9ca6-8a0f7bf04d72"]
[debug] &amp#27;[35m[WD Proxy]&amp#27;[39m Matched '/element/63f2fe5a-f356-4100-a50f-32324a89f823/click' to command name 'click'
[debug] &amp#27;[35m[WD Proxy]&amp#27;[39m Proxying [POST /element/63f2fe5a-f356-4100-a50f-32324a89f823/click] to [POST http://127.0.0.1:8200/wd/hub/session/1622e8b2-7939-42b8-9b0b-c97c6eb16b0b/element/63f2fe5a-f356-4100-a50f-32324a89f823/click] with body: {"element":"63f2fe5a-f356-4100-a50f-32324a89f823"}
[debug] &amp#27;[35m[WD Proxy]&amp#27;[39m Got response with status 200: {"sessionId":"1622e8b2-7939-42b8-9b0b-c97c6eb16b0b","value":null}
[debug] &amp#27;[35m[W3C (8624a79b)]&amp#27;[39m Responding to client with driver.click() result: null
&amp#27;[35m[HTTP]&amp#27;[39m &amp#27;[37m<-- POST /wd/hub/session/8624a79b-e0e7-4b87-9ca6-8a0f7bf04d72/element/63f2fe5a-f356-4100-a50f-32324a89f823/click &amp#27;[39m&amp#27;[32m200&amp#27;[39m &amp#27;[90m80 ms - 14&amp#27;[39m
&amp#27;[35m[HTTP]&amp#27;[39m &amp#27;[90m&amp#27;[39m
&amp#27;[35m[HTTP]&amp#27;[39m &amp#27;[37m-->&amp#27;[39m &amp#27;[37mGET&amp#27;[39m &amp#27;[37m/wd/hub/session/8624a79b-e0e7-4b87-9ca6-8a0f7bf04d72&amp#27;[39m
&amp#27;[35m[HTTP]&amp#27;[39m &amp#27;[90m{}&amp#27;[39m
[debug] &amp#27;[35m[W3C (8624a79b)]&amp#27;[39m Calling AppiumDriver.getSession() with args: ["8624a79b-e0e7-4b87-9ca6-8a0f7bf04d72"]
[debug] &amp#27;[35m[UiAutomator2]&amp#27;[39m Getting session details from server to mix in
[debug] &amp#27;[35m[WD Proxy]&amp#27;[39m Matched '/' to command name 'getSession'
[debug] &amp#27;[35m[WD Proxy]&amp#27;[39m Proxying [GET /] to [GET http://127.0.0.1:8200/wd/hub/session/1622e8b2-7939-42b8-9b0b-c97c6eb16b0b] with no body
[debug] &amp#27;[35m[WD Proxy]&amp#27;[39m Got response with status 200: {"sessionId":"1622e8b2-7939-42b8-9b0b-c97c6eb16b0b","value":{"lastScrollData":null}}
[debug] &amp#27;[35m[W3C (8624a79b)]&amp#27;[39m Responding to client with driver.getSession() result: {"platform":"LINUX","webStorageEnabled":false,"takesScreenshot":true,"javascriptEnabled":true,"databaseEnabled":false,"networkConnectionEnabled":true,"locationContextEnabled":false,"warnings":{},"desired":{"platformName":"android","app":"/Users/stanislav.suleimanov/Desktop/pion-mobile/src/main/resources/test-10.apk","appActivity":"com.bank.pivdenny.presentation.splash.SplashActivity","appPackage":"com.bank.pivdenny.prep","automationName":"uiautomator2","deviceName":"RZ8R10EDPRR","newCommandTimeout":30,"platformVersion":"11"},"platformName":"android","app":"/Users/stanislav.suleimanov/Desktop/pion-mobile/src/main/resources/test-10.apk","appActivity":"com.bank.pivdenny.presentation.splash.SplashActivity","appPackage":"com.bank.pivdenny.prep","automationName":"uiautomator2","deviceName":"RZ8R10EDPRR","newCommandTimeout":30,"platformVersion":"11","deviceUDID":"RZ8R10EDPRR","deviceApiLevel":30,"deviceScreenSize":"1080x2400","deviceScreenDensity":420,"deviceModel":"SM-M515F","deviceManufacturer":"samsung","pixel...
&amp#27;[35m[HTTP]&amp#27;[39m &amp#27;[37m<-- GET /wd/hub/session/8624a79b-e0e7-4b87-9ca6-8a0f7bf04d72 &amp#27;[39m&amp#27;[32m200&amp#27;[39m &amp#27;[90m15 ms - 1147&amp#27;[39m
&amp#27;[35m[HTTP]&amp#27;[39m &amp#27;[90m&amp#27;[39m
&amp#27;[35m[HTTP]&amp#27;[39m &amp#27;[37m-->&amp#27;[39m &amp#27;[37mGET&amp#27;[39m &amp#27;[37m/wd/hub/session/8624a79b-e0e7-4b87-9ca6-8a0f7bf04d72&amp#27;[39m
&amp#27;[35m[HTTP]&amp#27;[39m &amp#27;[90m{}&amp#27;[39m
[debug] &amp#27;[35m[W3C (8624a79b)]&amp#27;[39m Calling AppiumDriver.getSession() with args: ["8624a79b-e0e7-4b87-9ca6-8a0f7bf04d72"]
[debug] &amp#27;[35m[UiAutomator2]&amp#27;[39m Getting session details from server to mix in
[debug] &amp#27;[35m[WD Proxy]&amp#27;[39m Matched '/' to command name 'getSession'
[debug] &amp#27;[35m[WD Proxy]&amp#27;[39m Proxying [GET /] to [GET http://127.0.0.1:8200/wd/hub/session/1622e8b2-7939-42b8-9b0b-c97c6eb16b0b] with no body
[debug] &amp#27;[35m[WD Proxy]&amp#27;[39m Got response with status 200: {"sessionId":"1622e8b2-7939-42b8-9b0b-c97c6eb16b0b","value":{"lastScrollData":null}}
[debug] &amp#27;[35m[W3C (8624a79b)]&amp#27;[39m Responding to client with driver.getSession() result: {"platform":"LINUX","webStorageEnabled":false,"takesScreenshot":true,"javascriptEnabled":true,"databaseEnabled":false,"networkConnectionEnabled":true,"locationContextEnabled":false,"warnings":{},"desired":{"platformName":"android","app":"/Users/stanislav.suleimanov/Desktop/pion-mobile/src/main/resources/test-10.apk","appActivity":"com.bank.pivdenny.presentation.splash.SplashActivity","appPackage":"com.bank.pivdenny.prep","automationName":"uiautomator2","deviceName":"RZ8R10EDPRR","newCommandTimeout":30,"platformVersion":"11"},"platformName":"android","app":"/Users/stanislav.suleimanov/Desktop/pion-mobile/src/main/resources/test-10.apk","appActivity":"com.bank.pivdenny.presentation.splash.SplashActivity","appPackage":"com.bank.pivdenny.prep","automationName":"uiautomator2","deviceName":"RZ8R10EDPRR","newCommandTimeout":30,"platformVersion":"11","deviceUDID":"RZ8R10EDPRR","deviceApiLevel":30,"deviceScreenSize":"1080x2400","deviceScreenDensity":420,"deviceModel":"SM-M515F","deviceManufacturer":"samsung","pixel...
&amp#27;[35m[HTTP]&amp#27;[39m &amp#27;[37m<-- GET /wd/hub/session/8624a79b-e0e7-4b87-9ca6-8a0f7bf04d72 &amp#27;[39m&amp#27;[32m200&amp#27;[39m &amp#27;[90m14 ms - 1147&amp#27;[39m
&amp#27;[35m[HTTP]&amp#27;[39m &amp#27;[90m&amp#27;[39m
]]></system-out>
    <system-err><![CDATA[[main] INFO ua.pivdenny.pionmobile.utils.ProjectPropertiesLoader - Project properties has been loaded
[main] INFO ua.pivdenny.pionmobile.BaseTest - Android Emulator has been started
????. 09, 2021 9:33:09 AM io.appium.java_client.remote.AppiumCommandExecutor$1 lambda$0
INFO: Detected dialect: W3C
[main] INFO ua.pivdenny.pionmobile.BaseTest - Starting setting up test suite...
[main] INFO ua.pivdenny.pionmobile.BaseTest - Appium server is going to start
[main] INFO ua.pivdenny.pionmobile.BaseTest - Appium server has been started
[main] INFO ua.pivdenny.pionmobile.BaseTest - Set up has been finished
]]></system-err>
  </testcase>
</testsuite>